INFO:root:###########1732002744.9478028 EXPERIMENT (1): #################################### 
INFO:root:k: 0,########### Means:  mean_haus: 52.5037664707578, mean_dtw 464.37272020032924 mean_fde 21.772853970539586 (0.25, 0.08333333333333333, 0.3333333333333333) corr=-0.20734693365941298,9550.703898806936
INFO:root:k: 1,########### Means:  mean_haus: 50.91658540329672, mean_dtw 447.3411592229727 mean_fde 19.973606849574402 (0.4166666666666667, 0.16666666666666666, 0.3333333333333333) corr=-0.2775406956527521,10626.732321267618
INFO:root:k: 2,########### Means:  mean_haus: 51.28149566348888, mean_dtw 468.05381654697953 mean_fde 18.547280414725268 (0.25, 0.16666666666666666, 0.25) corr=-0.13683240321935486,9303.361917075286
INFO:root:k: 3,########### Means:  mean_haus: 52.90378233729359, mean_dtw 449.1209762291341 mean_fde 24.958702053508592 (0.25, 0.08333333333333333, 0.25) corr=-0.07562444893882082,8617.243382176976
INFO:root:k: 4,########### Means:  mean_haus: 50.383835751199975, mean_dtw 459.0627718037225 mean_fde 20.857636982132025 (0.3333333333333333, 0.25, 0.3333333333333333) corr=-0.22845330979699532,8574.437635027109
INFO:root:1732012545.3723204 END Experiment 0 FINAL: Means: (mean_haus, mean_dtw, mean_fde) 51.59789312520739, 457.5902888006276, 21.222016054095974, Time=9800.42451763153s -0.2980002660172445 16356.621778094917
INFO:root:{'  ': '  ', 'k': 'FINAL', 'min_h': np.float64(44.67920380324087), 'max_h': np.float64(57.60609917157033), 'mean_haus': np.float64(51.59789312520739), 'min_d': np.float64(360.30065615909973), 'max_d': np.float64(551.5826969992122), 'mean_dtw': np.float64(457.5902888006276), 'min_f': np.float64(4.644382724384533), 'max_f': np.float64(39.88746612073372), 'mean_f': np.float64(21.222016054095974)}
INFO:root:###########1732012545.3723204 EXPERIMENT (2): #################################### 
INFO:root:k: 0,########### Means:  mean_haus: 50.748773741582696, mean_dtw 458.64443761572244 mean_fde 20.975286937592074 (0.25, 0.25, 0.3333333333333333) corr=-0.19129764861184648,11046.911214967984
INFO:root:k: 1,########### Means:  mean_haus: 52.54707424226761, mean_dtw 460.53766593530065 mean_fde 18.87947659460635 (0.25, 0.25, 0.3333333333333333) corr=-0.2830291153374458,9936.589057029532
INFO:root:k: 2,########### Means:  mean_haus: 51.47558991610538, mean_dtw 481.04665894641596 mean_fde 20.778942794793643 (0.08333333333333333, 0.16666666666666666, 0.25) corr=-0.1907542932574215,9728.006717343864
INFO:root:k: 3,########### Means:  mean_haus: 53.68771300463058, mean_dtw 456.8454088930383 mean_fde 19.809046561215084 (0.25, 0.08333333333333333, 0.25) corr=-0.15331379311606272,8843.01288232356
INFO:root:k: 4,########### Means:  mean_haus: 50.652459804741554, mean_dtw 475.9235978875488 mean_fde 22.453298066353433 (0.25, 0.25, 0.4166666666666667) corr=-0.2645567432599887,9252.181131829942
INFO:root:1732020327.9819124 END Experiment 1 FINAL: Means: (mean_haus, mean_dtw, mean_fde) 51.82232214186556, 466.59955385560534, 20.579210190912114, Time=7782.609591960907s -0.27454528553797825 15914.330126050045
INFO:root:{'  ': '  ', 'k': 'FINAL', 'min_h': np.float64(44.621635075392966), 'max_h': np.float64(56.34931357453611), 'mean_haus': np.float64(51.82232214186556), 'min_d': np.float64(374.5425645898446), 'max_d': np.float64(574.4824076698515), 'mean_dtw': np.float64(466.59955385560534), 'min_f': np.float64(3.778923660571993), 'max_f': np.float64(40.3779165113162), 'mean_f': np.float64(20.579210190912114)}
INFO:root:###########1732020327.9819124 EXPERIMENT (3): #################################### 
INFO:root:k: 0,########### Means:  mean_haus: 50.724622215957744, mean_dtw 453.16919138341996 mean_fde 21.07880371856608 (0.08333333333333333, 0.16666666666666666, 0.4166666666666667) corr=-0.1737064659838021,8969.829166166142
INFO:root:k: 1,########### Means:  mean_haus: 51.91414706584981, mean_dtw 452.07547566819875 mean_fde 19.39185938717323 (0.3333333333333333, 0.16666666666666666, 0.3333333333333333) corr=-0.311214262078811,8775.75512202395
INFO:root:k: 2,########### Means:  mean_haus: 50.77143905388875, mean_dtw 462.55657994204256 mean_fde 16.378687688489038 (0.25, 0.16666666666666666, 0.25) corr=-0.15192761302294813,9671.892264283873
INFO:root:k: 3,########### Means:  mean_haus: 52.499260559596934, mean_dtw 432.68626713539123 mean_fde 22.506630520079373 (0.25, 0.08333333333333333, 0.16666666666666666) corr=-0.21347232508480868,9953.423438768174
INFO:root:k: 4,########### Means:  mean_haus: 50.82427243244865, mean_dtw 458.4608519255488 mean_fde 22.387510473690078 (0.25, 0.25, 0.3333333333333333) corr=-0.24075872739850124,9768.403075949562
INFO:root:1732029138.7271228 END Experiment 2 FINAL: Means: (mean_haus, mean_dtw, mean_fde) 51.34674826554838, 451.78967321092034, 20.348698357599556, Time=8810.745210409164s -0.23758582260542568 16283.47589159259
INFO:root:{'  ': '  ', 'k': 'FINAL', 'min_h': np.float64(43.54814380046577), 'max_h': np.float64(55.99554283857907), 'mean_haus': np.float64(51.34674826554838), 'min_d': np.float64(358.5052409499732), 'max_d': np.float64(563.0589515918871), 'mean_dtw': np.float64(451.78967321092034), 'min_f': np.float64(3.5004348879338365), 'max_f': np.float64(40.03692183381161), 'mean_f': np.float64(20.348698357599556)}
INFO:root:###########1732029138.7271228 EXPERIMENT (4): #################################### 
INFO:root:k: 0,########### Means:  mean_haus: 51.459411802969214, mean_dtw 448.34003312466496 mean_fde 18.98056453194082 (0.25, 0.16666666666666666, 0.3333333333333333) corr=-0.24459860724198043,7991.258189168397
INFO:root:k: 1,########### Means:  mean_haus: 53.06771081359425, mean_dtw 463.26498699414554 mean_fde 21.056356573806735 (0.3333333333333333, 0.16666666666666666, 0.3333333333333333) corr=-0.3213204707137751,8765.361825413287
INFO:root:k: 2,########### Means:  mean_haus: 50.19436890495916, mean_dtw 454.46320184892943 mean_fde 20.462889288833434 (0.16666666666666666, 0.16666666666666666, 0.25) corr=-0.317341268703537,10436.155147712978
INFO:root:k: 3,########### Means:  mean_haus: 52.687118861710466, mean_dtw 440.46414208529256 mean_fde 20.526914956679732 (0.25, 0.16666666666666666, 0.16666666666666666) corr=-0.08594741080534486,8667.483149063202
INFO:root:k: 4,########### Means:  mean_haus: 50.4393289212733, mean_dtw 462.20609540814166 mean_fde 19.704017772994703 (0.3333333333333333, 0.25, 0.3333333333333333) corr=-0.25165318061310454,10202.979954327975
INFO:root:1732038334.4786248 END Experiment 3 FINAL: Means: (mean_haus, mean_dtw, mean_fde) 51.56958786090129, 453.7476918922348, 20.146148624851087, Time=9195.751502037048s -0.27537285223310487 16067.407957687015
INFO:root:{'  ': '  ', 'k': 'FINAL', 'min_h': np.float64(44.07811030673287), 'max_h': np.float64(58.539236718366986), 'mean_haus': np.float64(51.56958786090129), 'min_d': np.float64(369.8375439686938), 'max_d': np.float64(557.7471079392907), 'mean_dtw': np.float64(453.7476918922348), 'min_f': np.float64(4.034087029879855), 'max_f': np.float64(38.96137725036043), 'mean_f': np.float64(20.146148624851087)}
INFO:root:###########1732038334.4796226 EXPERIMENT (5): #################################### 
INFO:root:k: 0,########### Means:  mean_haus: 52.033758977972305, mean_dtw 458.2030102637155 mean_fde 20.146514409111784 (0.25, 0.25, 0.3333333333333333) corr=-0.14321526127957687,10730.528505701273
INFO:root:k: 1,########### Means:  mean_haus: 52.15270165081055, mean_dtw 467.37231725114316 mean_fde 21.486777571326787 (0.3333333333333333, 0.25, 0.3333333333333333) corr=-0.3089679926852425,10210.112864518991
INFO:root:k: 2,########### Means:  mean_haus: 51.16113251691375, mean_dtw 480.04228198894526 mean_fde 18.586199372359022 (0.25, 0.16666666666666666, 0.25) corr=-0.2985360032337364,10371.545388864839
INFO:root:k: 3,########### Means:  mean_haus: 53.49244145515552, mean_dtw 426.2350725336505 mean_fde 18.90070175445524 (0.25, 0.08333333333333333, 0.3333333333333333) corr=-0.1848767672847322,10304.683456839837
INFO:root:k: 4,########### Means:  mean_haus: 50.05077245426481, mean_dtw 462.7280175083188 mean_fde 18.23439070214985 (0.3333333333333333, 0.25, 0.3333333333333333) corr=-0.24416562186742927,10622.107452497812
INFO:root:1732048027.267254 END Experiment 4 FINAL: Means: (mean_haus, mean_dtw, mean_fde) 51.77816141102339, 458.91613990915465, 19.470916761880538, Time=9692.787631511688s -0.2882948825182693 16757.115467309704
INFO:root:{'  ': '  ', 'k': 'FINAL', 'min_h': np.float64(44.709753345796614), 'max_h': np.float64(58.2991929645782), 'mean_haus': np.float64(51.77816141102339), 'min_d': np.float64(355.63712632488864), 'max_d': np.float64(582.0030739858489), 'mean_dtw': np.float64(458.91613990915465), 'min_f': np.float64(3.5036764169168806), 'max_f': np.float64(39.53627613939566), 'mean_f': np.float64(19.470916761880538)}
INFO:root:REPORT STATS ALL EXP AVERAGES: Means: (mean_haus, mean_dtw, mean_fde) 51.6229425609092, 457.7286695337085, 20.35339799786785, (0.25999999999999995, 0.18, 0.3033333333333333) full-corr=-0.2747598217824045,16275.790244146856 corr=-0.22001805451389728,9636.827966365961 Time=18112.927381420137s
