INFO:root:###########1731891211.865287 EXPERIMENT (1): #################################### 
INFO:root:###########1731891368.8547075 EXPERIMENT (1): #################################### 
INFO:root:###########1731891416.7965436 EXPERIMENT (1): #################################### 
INFO:root:###########1731891516.832347 EXPERIMENT (1): #################################### 
INFO:root:###########1731891625.5208259 EXPERIMENT (1): #################################### 
INFO:root:###########1731891663.2895148 EXPERIMENT (1): #################################### 
INFO:root:###########1731891953.5245717 EXPERIMENT (1): #################################### 
INFO:root:k: 0,########### Means:  mean_haus: 61.19213040494084, mean_dtw 806.6029511855268 mean_fde 61.259404970988804 (0.16666666666666666, 0.08333333333333333, 0.08333333333333333) corr=-0.08229298224806948,12812.049055590369
INFO:root:k: 1,########### Means:  mean_haus: 55.93822489378208, mean_dtw 633.3620147060525 mean_fde 61.00319127061017 (0.16666666666666666, 0.08333333333333333, 0.08333333333333333) corr=-0.31513788943043963,12747.59179026476
INFO:root:k: 2,########### Means:  mean_haus: 57.52022301847498, mean_dtw 488.089818818885 mean_fde 23.363011404499584 (0.08333333333333333, 0.08333333333333333, 0.08333333333333333) corr=0.0024784484294522887,12345.325144911587
INFO:root:k: 3,########### Means:  mean_haus: 58.68021305186513, mean_dtw 487.2290904894117 mean_fde 22.720842302582458 (0.08333333333333333, 0.08333333333333333, 0.08333333333333333) corr=-0.10385228306436275,12038.36621867788
INFO:root:k: 4,########### Means:  mean_haus: 51.90584464972941, mean_dtw 511.4945350094918 mean_fde 20.510399089481407 (0.08333333333333333, 0.08333333333333333, 0.08333333333333333) corr=-0.23053529425867117,12757.486455768343
INFO:root:1731892962.1303008 END Experiment 0 FINAL: Means: (mean_haus, mean_dtw, mean_fde) 57.04732720375849, 585.3556820418736, 37.77136980763249, Time=1008.6057291030884s -0.2606621646931189 21564.80421392731
INFO:root:{'  ': '  ', 'k': 'FINAL', 'min_h': np.float64(55.81687363585321), 'max_h': np.float64(57.4203876630428), 'mean_haus': np.float64(57.04732720375849), 'min_d': np.float64(564.6986299567625), 'max_d': np.float64(601.2383141536781), 'mean_dtw': np.float64(585.3556820418736), 'min_f': np.float64(33.83050738898729), 'max_f': np.float64(37.948960031424996), 'mean_f': np.float64(37.77136980763249)}
INFO:root:###########1731892962.1313028 EXPERIMENT (2): #################################### 
INFO:root:k: 0,########### Means:  mean_haus: 57.67070229389981, mean_dtw 554.7413812231688 mean_fde 21.262511081470354 (0.08333333333333333, 0.08333333333333333, 0.08333333333333333) corr=-0.09387959572603338,11720.346267906963
INFO:root:k: 1,########### Means:  mean_haus: 56.256147271695404, mean_dtw 453.17092029882406 mean_fde 20.921863626610115 (0.16666666666666666, 0.16666666666666666, 0.16666666666666666) corr=-0.27962158793139286,12935.348924812844
INFO:root:k: 2,########### Means:  mean_haus: 57.40137147887251, mean_dtw 547.8971471050475 mean_fde 23.38359498391004 (0.16666666666666666, 0.08333333333333333, 0.08333333333333333) corr=-0.1170010578105413,12334.509440357362
INFO:root:k: 3,########### Means:  mean_haus: 60.91990581112732, mean_dtw 517.8470491270785 mean_fde 22.718186766456387 (0.08333333333333333, 0.08333333333333333, 0.08333333333333333) corr=-0.12622672177159436,12149.67400440123
INFO:root:k: 4,########### Means:  mean_haus: 53.37759225626367, mean_dtw 780.860810788095 mean_fde 62.36987268042484 (0.08333333333333333, 0.08333333333333333, 0.08333333333333333) corr=-0.13370507048293118,12642.860273402275
INFO:root:1731893976.433127 END Experiment 1 FINAL: Means: (mean_haus, mean_dtw, mean_fde) 57.12514382237174, 570.9034617084428, 30.131205827774345, Time=1014.301824092865s -0.25528261622873255 21996.933010492332
INFO:root:{'  ': '  ', 'k': 'FINAL', 'min_h': np.float64(55.140035857249664), 'max_h': np.float64(57.67191780923091), 'mean_haus': np.float64(57.12514382237174), 'min_d': np.float64(552.454447064734), 'max_d': np.float64(586.544114787366), 'mean_dtw': np.float64(570.9034617084428), 'min_f': np.float64(28.000813385747666), 'max_f': np.float64(34.44545942807154), 'mean_f': np.float64(30.131205827774345)}
INFO:root:###########1731893976.4341261 EXPERIMENT (3): #################################### 
INFO:root:k: 0,########### Means:  mean_haus: 57.3330762279751, mean_dtw 605.833149351143 mean_fde 42.527680953861015 (0.16666666666666666, 0.08333333333333333, 0.08333333333333333) corr=-0.07870867257923973,12776.521116678596
INFO:root:k: 1,########### Means:  mean_haus: 57.38198485626967, mean_dtw 470.2189348138509 mean_fde 21.085800405474377 (0.08333333333333333, 0.08333333333333333, 0.08333333333333333) corr=-0.2694641965226133,12927.753663782034
INFO:root:k: 2,########### Means:  mean_haus: 57.364969703537476, mean_dtw 529.3608158805885 mean_fde 23.37237758343103 (0.08333333333333333, 0.08333333333333333, 0.08333333333333333) corr=-0.04457524277436277,11927.297682415961
INFO:root:k: 3,########### Means:  mean_haus: 58.5073781875203, mean_dtw 561.7093030142312 mean_fde 25.559457239727106 (0.08333333333333333, 0.16666666666666666, 0.16666666666666666) corr=-0.2378387266522359,12379.954577985041
INFO:root:k: 4,########### Means:  mean_haus: 52.90942490399266, mean_dtw 577.0877526982339 mean_fde 21.864675003886948 (0.08333333333333333, 0.16666666666666666, 0.16666666666666666) corr=-0.22998987837119306,12645.364979532835
INFO:root:1731895101.969491 END Experiment 2 FINAL: Means: (mean_haus, mean_dtw, mean_fde) 56.69936677585904, 548.8419911516096, 26.8819982372761, Time=1125.5353648662567s -0.22608793893008006 21996.933010492332
INFO:root:{'  ': '  ', 'k': 'FINAL', 'min_h': np.float64(56.45210771210351), 'max_h': np.float64(56.79381730313658), 'mean_haus': np.float64(56.69936677585904), 'min_d': np.float64(526.6462736703627), 'max_d': np.float64(597.8846398877944), 'mean_dtw': np.float64(548.8419911516096), 'min_f': np.float64(25.895236964592026), 'max_f': np.float64(38.511256375675465), 'mean_f': np.float64(26.8819982372761)}
INFO:root:###########1731895101.969491 EXPERIMENT (4): #################################### 
INFO:root:k: 0,########### Means:  mean_haus: 61.77784149026643, mean_dtw 807.5195249615556 mean_fde 61.25957116793683 (0.08333333333333333, 0.08333333333333333, 0.08333333333333333) corr=-0.06872828628502445,12733.929529601146
INFO:root:k: 1,########### Means:  mean_haus: 55.75098985797525, mean_dtw 573.3320340047508 mean_fde 34.45549377357809 (0.08333333333333333, 0.08333333333333333, 0.16666666666666666) corr=-0.2921861395187124,12928.329044632032
INFO:root:k: 2,########### Means:  mean_haus: 56.421378033711825, mean_dtw 516.8563018283451 mean_fde 23.35822873969442 (0.16666666666666666, 0.08333333333333333, 0.08333333333333333) corr=-0.11134998945867443,12479.69446048479
INFO:root:k: 3,########### Means:  mean_haus: 58.92251535271867, mean_dtw 518.3109270301621 mean_fde 22.722230092182105 (0.08333333333333333, 0.08333333333333333, 0.08333333333333333) corr=-0.16701895810930356,12147.04861174023
INFO:root:k: 4,########### Means:  mean_haus: 52.91164551796958, mean_dtw 491.36390265577035 mean_fde 20.505451118594767 (0.08333333333333333, 0.08333333333333333, 0.08333333333333333) corr=-0.20206401501402513,12689.613251349467
INFO:root:1731896106.5127578 END Experiment 3 FINAL: Means: (mean_haus, mean_dtw, mean_fde) 57.156874050528344, 581.4765380961168, 32.46019497839725, Time=1004.5432667732239s -0.21922385009335985 21996.933010492332
INFO:root:{'  ': '  ', 'k': 'FINAL', 'min_h': np.float64(56.6045884023852), 'max_h': np.float64(57.442904593820856), 'mean_haus': np.float64(57.156874050528344), 'min_d': np.float64(564.719495673139), 'max_d': np.float64(605.9773745861967), 'mean_dtw': np.float64(581.4765380961168), 'min_f': np.float64(29.677133472647075), 'max_f': np.float64(37.94364856090023), 'mean_f': np.float64(32.46019497839725)}
INFO:root:###########1731896106.5127578 EXPERIMENT (5): #################################### 
INFO:root:k: 0,########### Means:  mean_haus: 57.78932620404662, mean_dtw 558.2427586204233 mean_fde 22.755860267421035 (0.16666666666666666, 0.16666666666666666, 0.16666666666666666) corr=-0.15985157558736882,12524.329241139649
INFO:root:k: 1,########### Means:  mean_haus: 56.62348410929744, mean_dtw 667.9000371180261 mean_fde 60.97855668248909 (0.16666666666666666, 0.08333333333333333, 0.08333333333333333) corr=-0.33217349113688716,12925.978348323793
INFO:root:k: 2,########### Means:  mean_haus: 57.491393166150004, mean_dtw 489.23337613157753 mean_fde 23.54675167891704 (0.08333333333333333, 0.08333333333333333, 0.08333333333333333) corr=-0.013651265072992112,12136.521457309429
INFO:root:k: 3,########### Means:  mean_haus: 63.28549204057517, mean_dtw 778.4194895492388 mean_fde 60.3590890579479 (0.16666666666666666, 0.08333333333333333, 0.08333333333333333) corr=-0.15259109192625675,12504.62770229329
INFO:root:k: 4,########### Means:  mean_haus: 52.87847432252244, mean_dtw 620.5873957715354 mean_fde 22.598715877620855 (0.08333333333333333, 0.16666666666666666, 0.16666666666666666) corr=-0.22467434528894242,12644.218862470449
INFO:root:1731897042.738298 END Experiment 4 FINAL: Means: (mean_haus, mean_dtw, mean_fde) 57.61363396851834, 622.8766114381602, 38.04779471287919, Time=936.2255401611328s -0.23616877309728446 21996.933010492332
INFO:root:{'  ': '  ', 'k': 'FINAL', 'min_h': np.float64(56.41713302959911), 'max_h': np.float64(58.04343047249777), 'mean_haus': np.float64(57.61363396851834), 'min_d': np.float64(553.911430011626), 'max_d': np.float64(651.9828939612278), 'mean_dtw': np.float64(622.8766114381602), 'min_f': np.float64(33.38826593939685), 'max_f': np.float64(53.88072653685572), 'mean_f': np.float64(38.04779471287919)}
INFO:root:REPORT STATS ALL EXP AVERAGES: Means: (mean_haus, mean_dtw, mean_fde) 57.128469164207196, 581.8908568872406, 33.058512712791874, (0.11333333333333333, 0.09999999999999999, 0.10333333333333332) full-corr=-0.23948506860851518,21910.507251179326 corr=-0.16258559634369663,12514.189604233294 Time=2035.6846899986267s
